# JRE version: Java(TM) SE Runtime Environment (8.0_162-b12) (build 1.8.0_162-b12)
# Java VM: Java HotSpot(TM) 64-Bit Server VM (25.162-b12 mixed mode windows-amd64 compressed oops)
Heap:
 PSYoungGen      total 69632K, used 40405K [0x00000000eb180000, 0x00000000f3200000, 0x0000000100000000)
  eden space 63488K, 57% used [0x00000000eb180000,0x00000000ed4eb5e8,0x00000000eef80000)
  from space 6144K, 67% used [0x00000000ef780000,0x00000000efb89e58,0x00000000efd80000)
  to   space 8192K, 0% used [0x00000000eef80000,0x00000000eef80000,0x00000000ef780000)
 ParOldGen       total 36352K, used 13551K [0x00000000c1400000, 0x00000000c3780000, 0x00000000eb180000)
  object space 36352K, 37% used [0x00000000c1400000,0x00000000c213bee0,0x00000000c3780000)
 Metaspace       used 25297K, capacity 26252K, committed 26496K, reserved 1073152K
  class space    used 3413K, capacity 3640K, committed 3712K, reserved 1048576K
GC Heap History (10 events):
Event: 4.576 GC heap before
{Heap before GC invocations=5 (full 0):
 PSYoungGen      total 35328K, used 35232K [0x00000000eb180000, 0x00000000ed680000, 0x0000000100000000)
  eden space 32768K, 99% used [0x00000000eb180000,0x00000000ed16e498,0x00000000ed180000)
  from space 2560K, 99% used [0x00000000ed400000,0x00000000ed679d38,0x00000000ed680000)
  to   space 2560K, 0% used [0x00000000ed180000,0x00000000ed180000,0x00000000ed400000)
 ParOldGen       total 44032K, used 4656K [0x00000000c1400000, 0x00000000c3f00000, 0x00000000eb180000)
  object space 44032K, 10% used [0x00000000c1400000,0x00000000c188c0c0,0x00000000c3f00000)
 Metaspace       used 16719K, capacity 17254K, committed 17536K, reserved 1064960K
  class space    used 2169K, capacity 2319K, committed 2432K, reserved 1048576K
Event: 4.586 GC heap after
Heap after GC invocations=5 (full 0):
 PSYoungGen      total 35328K, used 2551K [0x00000000eb180000, 0x00000000efd80000, 0x0000000100000000)
  eden space 32768K, 0% used [0x00000000eb180000,0x00000000eb180000,0x00000000ed180000)
  from space 2560K, 99% used [0x00000000ed180000,0x00000000ed3fdd40,0x00000000ed400000)
  to   space 6144K, 0% used [0x00000000ef780000,0x00000000ef780000,0x00000000efd80000)
 ParOldGen       total 44032K, used 7916K [0x00000000c1400000, 0x00000000c3f00000, 0x00000000eb180000)
  object space 44032K, 17% used [0x00000000c1400000,0x00000000c1bbb058,0x00000000c3f00000)
 Metaspace       used 16719K, capacity 17254K, committed 17536K, reserved 1064960K
  class space    used 2169K, capacity 2319K, committed 2432K, reserved 1048576K
}
Event: 6.666 GC heap before
{Heap before GC invocations=6 (full 0):
 PSYoungGen      total 35328K, used 35319K [0x00000000eb180000, 0x00000000efd80000, 0x0000000100000000)
  eden space 32768K, 100% used [0x00000000eb180000,0x00000000ed180000,0x00000000ed180000)
  from space 2560K, 99% used [0x00000000ed180000,0x00000000ed3fdd40,0x00000000ed400000)
  to   space 6144K, 0% used [0x00000000ef780000,0x00000000ef780000,0x00000000efd80000)
 ParOldGen       total 44032K, used 7916K [0x00000000c1400000, 0x00000000c3f00000, 0x00000000eb180000)
  object space 44032K, 17% used [0x00000000c1400000,0x00000000c1bbb058,0x00000000c3f00000)
 Metaspace       used 20258K, capacity 20898K, committed 21120K, reserved 1067008K
  class space    used 2703K, capacity 2865K, committed 2944K, reserved 1048576K
Event: 6.677 GC heap after
Heap after GC invocations=6 (full 0):
 PSYoungGen      total 69120K, used 6131K [0x00000000eb180000, 0x00000000f0280000, 0x0000000100000000)
  eden space 62976K, 0% used [0x00000000eb180000,0x00000000eb180000,0x00000000eef00000)
  from space 6144K, 99% used [0x00000000ef780000,0x00000000efd7ce98,0x00000000efd80000)
  to   space 8704K, 0% used [0x00000000eef00000,0x00000000eef00000,0x00000000ef780000)
 ParOldGen       total 44032K, used 10562K [0x00000000c1400000, 0x00000000c3f00000, 0x00000000eb180000)
  object space 44032K, 23% used [0x00000000c1400000,0x00000000c1e509c0,0x00000000c3f00000)
 Metaspace       used 20258K, capacity 20898K, committed 21120K, reserved 1067008K
  class space    used 2703K, capacity 2865K, committed 2944K, reserved 1048576K
}
Event: 6.709 GC heap before
{Heap before GC invocations=7 (full 0):
 PSYoungGen      total 69120K, used 8946K [0x00000000eb180000, 0x00000000f0280000, 0x0000000100000000)
  eden space 62976K, 4% used [0x00000000eb180000,0x00000000eb43f9a0,0x00000000eef00000)
  from space 6144K, 99% used [0x00000000ef780000,0x00000000efd7ce98,0x00000000efd80000)
  to   space 8704K, 0% used [0x00000000eef00000,0x00000000eef00000,0x00000000ef780000)
 ParOldGen       total 44032K, used 10562K [0x00000000c1400000, 0x00000000c3f00000, 0x00000000eb180000)
  object space 44032K, 23% used [0x00000000c1400000,0x00000000c1e509c0,0x00000000c3f00000)
 Metaspace       used 20557K, capacity 21200K, committed 21296K, reserved 1067008K
  class space    used 2733K, capacity 2900K, committed 2944K, reserved 1048576K
Event: 6.718 GC heap after
Heap after GC invocations=7 (full 0):
 PSYoungGen      total 71680K, used 5143K [0x00000000eb180000, 0x00000000f0280000, 0x0000000100000000)
  eden space 62976K, 0% used [0x00000000eb180000,0x00000000eb180000,0x00000000eef00000)
  from space 8704K, 59% used [0x00000000eef00000,0x00000000ef405f60,0x00000000ef780000)
  to   space 6144K, 0% used [0x00000000ef780000,0x00000000ef780000,0x00000000efd80000)
 ParOldGen       total 44032K, used 11923K [0x00000000c1400000, 0x00000000c3f00000, 0x00000000eb180000)
  object space 44032K, 27% used [0x00000000c1400000,0x00000000c1fa4cc8,0x00000000c3f00000)
 Metaspace       used 20557K, capacity 21200K, committed 21296K, reserved 1067008K
  class space    used 2733K, capacity 2900K, committed 2944K, reserved 1048576K
}
Event: 6.718 GC heap before
{Heap before GC invocations=8 (full 1):
 PSYoungGen      total 71680K, used 5143K [0x00000000eb180000, 0x00000000f0280000, 0x0000000100000000)
  eden space 62976K, 0% used [0x00000000eb180000,0x00000000eb180000,0x00000000eef00000)
  from space 8704K, 59% used [0x00000000eef00000,0x00000000ef405f60,0x00000000ef780000)
  to   space 6144K, 0% used [0x00000000ef780000,0x00000000ef780000,0x00000000efd80000)
 ParOldGen       total 44032K, used 11923K [0x00000000c1400000, 0x00000000c3f00000, 0x00000000eb180000)
  object space 44032K, 27% used [0x00000000c1400000,0x00000000c1fa4cc8,0x00000000c3f00000)
 Metaspace       used 20557K, capacity 21200K, committed 21296K, reserved 1067008K
  class space    used 2733K, capacity 2900K, committed 2944K, reserved 1048576K
Event: 6.784 GC heap after
Heap after GC invocations=8 (full 1):
 PSYoungGen      total 71680K, used 0K [0x00000000eb180000, 0x00000000f0280000, 0x0000000100000000)
  eden space 62976K, 0% used [0x00000000eb180000,0x00000000eb180000,0x00000000eef00000)
  from space 8704K, 0% used [0x00000000eef00000,0x00000000eef00000,0x00000000ef780000)
  to   space 6144K, 0% used [0x00000000ef780000,0x00000000ef780000,0x00000000efd80000)
 ParOldGen       total 36352K, used 13543K [0x00000000c1400000, 0x00000000c3780000, 0x00000000eb180000)
  object space 36352K, 37% used [0x00000000c1400000,0x00000000c2139ee0,0x00000000c3780000)
 Metaspace       used 20557K, capacity 21200K, committed 21296K, reserved 1067008K
  class space    used 2733K, capacity 2900K, committed 2944K, reserved 1048576K
}
Event: 9.138 GC heap before
{Heap before GC invocations=9 (full 1):
 PSYoungGen      total 71680K, used 62976K [0x00000000eb180000, 0x00000000f0280000, 0x0000000100000000)
  eden space 62976K, 100% used [0x00000000eb180000,0x00000000eef00000,0x00000000eef00000)
  from space 8704K, 0% used [0x00000000eef00000,0x00000000eef00000,0x00000000ef780000)
  to   space 6144K, 0% used [0x00000000ef780000,0x00000000ef780000,0x00000000efd80000)
 ParOldGen       total 36352K, used 13543K [0x00000000c1400000, 0x00000000c3780000, 0x00000000eb180000)
  object space 36352K, 37% used [0x00000000c1400000,0x00000000c2139ee0,0x00000000c3780000)
 Metaspace       used 23675K, capacity 24580K, committed 24704K, reserved 1071104K
  class space    used 3173K, capacity 3396K, committed 3456K, reserved 1048576K
Event: 9.144 GC heap after
Heap after GC invocations=9 (full 1):
 PSYoungGen      total 69632K, used 4135K [0x00000000eb180000, 0x00000000f3200000, 0x0000000100000000)
  eden space 63488K, 0% used [0x00000000eb180000,0x00000000eb180000,0x00000000eef80000)
  from space 6144K, 67% used [0x00000000ef780000,0x00000000efb89e58,0x00000000efd80000)
  to   space 8192K, 0% used [0x00000000eef80000,0x00000000eef80000,0x00000000ef780000)
 ParOldGen       total 36352K, used 13551K [0x00000000c1400000, 0x00000000c3780000, 0x00000000eb180000)
  object space 36352K, 37% used [0x00000000c1400000,0x00000000c213bee0,0x00000000c3780000)
 Metaspace       used 23675K, capacity 24580K, committed 24704K, reserved 1071104K
  class space    used 3173K, capacity 3396K, committed 3456K, reserved 1048576K
}

