# JRE version: Java(TM) SE Runtime Environment (8.0_162-b12) (build 1.8.0_162-b12)
# Java VM: Java HotSpot(TM) 64-Bit Server VM (25.162-b12 mixed mode windows-amd64 compressed oops)
Heap:
 PSYoungGen      total 71680K, used 10412K [0x00000000eb180000, 0x00000000f0280000, 0x0000000100000000)
  eden space 62976K, 3% used [0x00000000eb180000,0x00000000eb3eba30,0x00000000eef00000)
  from space 8704K, 91% used [0x00000000eef00000,0x00000000ef6bf8a8,0x00000000ef780000)
  to   space 6144K, 0% used [0x00000000ef780000,0x00000000ef780000,0x00000000efd80000)
 ParOldGen       total 31744K, used 24376K [0x00000000c1400000, 0x00000000c3300000, 0x00000000eb180000)
  object space 31744K, 76% used [0x00000000c1400000,0x00000000c2bce048,0x00000000c3300000)
 Metaspace       used 40584K, capacity 42610K, committed 42880K, reserved 1085440K
  class space    used 5547K, capacity 5902K, committed 6016K, reserved 1048576K
GC Heap History (10 events):
Event: 16.148 GC heap before
{Heap before GC invocations=15 (full 1):
 PSYoungGen      total 71680K, used 39460K [0x00000000eb180000, 0x00000000f0280000, 0x0000000100000000)
  eden space 62976K, 57% used [0x00000000eb180000,0x00000000ed497620,0x00000000eef00000)
  from space 8704K, 40% used [0x00000000eef00000,0x00000000ef271c60,0x00000000ef780000)
  to   space 6144K, 0% used [0x00000000ef780000,0x00000000ef780000,0x00000000efd80000)
 ParOldGen       total 31744K, used 19564K [0x00000000c1400000, 0x00000000c3300000, 0x00000000eb180000)
  object space 31744K, 61% used [0x00000000c1400000,0x00000000c271b210,0x00000000c3300000)
 Metaspace       used 33682K, capacity 35336K, committed 35496K, reserved 1079296K
  class space    used 4561K, capacity 4854K, committed 4864K, reserved 1048576K
Event: 16.155 GC heap after
Heap after GC invocations=15 (full 1):
 PSYoungGen      total 69120K, used 1609K [0x00000000eb180000, 0x00000000f0280000, 0x0000000100000000)
  eden space 62976K, 0% used [0x00000000eb180000,0x00000000eb180000,0x00000000eef00000)
  from space 6144K, 26% used [0x00000000ef780000,0x00000000ef912440,0x00000000efd80000)
  to   space 8704K, 0% used [0x00000000eef00000,0x00000000eef00000,0x00000000ef780000)
 ParOldGen       total 31744K, used 21856K [0x00000000c1400000, 0x00000000c3300000, 0x00000000eb180000)
  object space 31744K, 68% used [0x00000000c1400000,0x00000000c2958220,0x00000000c3300000)
 Metaspace       used 33682K, capacity 35336K, committed 35496K, reserved 1079296K
  class space    used 4561K, capacity 4854K, committed 4864K, reserved 1048576K
}
Event: 16.155 GC heap before
{Heap before GC invocations=16 (full 2):
 PSYoungGen      total 69120K, used 1609K [0x00000000eb180000, 0x00000000f0280000, 0x0000000100000000)
  eden space 62976K, 0% used [0x00000000eb180000,0x00000000eb180000,0x00000000eef00000)
  from space 6144K, 26% used [0x00000000ef780000,0x00000000ef912440,0x00000000efd80000)
  to   space 8704K, 0% used [0x00000000eef00000,0x00000000eef00000,0x00000000ef780000)
 ParOldGen       total 31744K, used 21856K [0x00000000c1400000, 0x00000000c3300000, 0x00000000eb180000)
  object space 31744K, 68% used [0x00000000c1400000,0x00000000c2958220,0x00000000c3300000)
 Metaspace       used 33682K, capacity 35336K, committed 35496K, reserved 1079296K
  class space    used 4561K, capacity 4854K, committed 4864K, reserved 1048576K
Event: 16.376 GC heap after
Heap after GC invocations=16 (full 2):
 PSYoungGen      total 69120K, used 0K [0x00000000eb180000, 0x00000000f0280000, 0x0000000100000000)
  eden space 62976K, 0% used [0x00000000eb180000,0x00000000eb180000,0x00000000eef00000)
  from space 6144K, 0% used [0x00000000ef780000,0x00000000ef780000,0x00000000efd80000)
  to   space 8704K, 0% used [0x00000000eef00000,0x00000000eef00000,0x00000000ef780000)
 ParOldGen       total 31744K, used 22084K [0x00000000c1400000, 0x00000000c3300000, 0x00000000eb180000)
  object space 31744K, 69% used [0x00000000c1400000,0x00000000c2991038,0x00000000c3300000)
 Metaspace       used 33682K, capacity 35336K, committed 35496K, reserved 1079296K
  class space    used 4561K, capacity 4854K, committed 4864K, reserved 1048576K
}
Event: 19.036 GC heap before
{Heap before GC invocations=17 (full 2):
 PSYoungGen      total 69120K, used 62976K [0x00000000eb180000, 0x00000000f0280000, 0x0000000100000000)
  eden space 62976K, 100% used [0x00000000eb180000,0x00000000eef00000,0x00000000eef00000)
  from space 6144K, 0% used [0x00000000ef780000,0x00000000ef780000,0x00000000efd80000)
  to   space 8704K, 0% used [0x00000000eef00000,0x00000000eef00000,0x00000000ef780000)
 ParOldGen       total 31744K, used 22084K [0x00000000c1400000, 0x00000000c3300000, 0x00000000eb180000)
  object space 31744K, 69% used [0x00000000c1400000,0x00000000c2991038,0x00000000c3300000)
 Metaspace       used 34773K, capacity 36716K, committed 36864K, reserved 1081344K
  class space    used 4734K, capacity 5097K, committed 5120K, reserved 1048576K
Event: 19.046 GC heap after
Heap after GC invocations=17 (full 2):
 PSYoungGen      total 71680K, used 3125K [0x00000000eb180000, 0x00000000f0280000, 0x0000000100000000)
  eden space 62976K, 0% used [0x00000000eb180000,0x00000000eb180000,0x00000000eef00000)
  from space 8704K, 35% used [0x00000000eef00000,0x00000000ef20d5e0,0x00000000ef780000)
  to   space 6144K, 0% used [0x00000000ef780000,0x00000000ef780000,0x00000000efd80000)
 ParOldGen       total 31744K, used 22092K [0x00000000c1400000, 0x00000000c3300000, 0x00000000eb180000)
  object space 31744K, 69% used [0x00000000c1400000,0x00000000c2993038,0x00000000c3300000)
 Metaspace       used 34773K, capacity 36716K, committed 36864K, reserved 1081344K
  class space    used 4734K, capacity 5097K, committed 5120K, reserved 1048576K
}
Event: 22.580 GC heap before
{Heap before GC invocations=18 (full 2):
 PSYoungGen      total 71680K, used 66101K [0x00000000eb180000, 0x00000000f0280000, 0x0000000100000000)
  eden space 62976K, 100% used [0x00000000eb180000,0x00000000eef00000,0x00000000eef00000)
  from space 8704K, 35% used [0x00000000eef00000,0x00000000ef20d5e0,0x00000000ef780000)
  to   space 6144K, 0% used [0x00000000ef780000,0x00000000ef780000,0x00000000efd80000)
 ParOldGen       total 31744K, used 22092K [0x00000000c1400000, 0x00000000c3300000, 0x00000000eb180000)
  object space 31744K, 69% used [0x00000000c1400000,0x00000000c2993038,0x00000000c3300000)
 Metaspace       used 36717K, capacity 38764K, committed 38912K, reserved 1083392K
  class space    used 5003K, capacity 5361K, committed 5376K, reserved 1048576K
Event: 22.590 GC heap after
Heap after GC invocations=18 (full 2):
 PSYoungGen      total 69120K, used 3634K [0x00000000eb180000, 0x00000000f0280000, 0x0000000100000000)
  eden space 62976K, 0% used [0x00000000eb180000,0x00000000eb180000,0x00000000eef00000)
  from space 6144K, 59% used [0x00000000ef780000,0x00000000efb0cb18,0x00000000efd80000)
  to   space 8704K, 0% used [0x00000000eef00000,0x00000000eef00000,0x00000000ef780000)
 ParOldGen       total 31744K, used 24368K [0x00000000c1400000, 0x00000000c3300000, 0x00000000eb180000)
  object space 31744K, 76% used [0x00000000c1400000,0x00000000c2bcc048,0x00000000c3300000)
 Metaspace       used 36717K, capacity 38764K, committed 38912K, reserved 1083392K
  class space    used 5003K, capacity 5361K, committed 5376K, reserved 1048576K
}
Event: 24.560 GC heap before
{Heap before GC invocations=19 (full 2):
 PSYoungGen      total 69120K, used 66610K [0x00000000eb180000, 0x00000000f0280000, 0x0000000100000000)
  eden space 62976K, 100% used [0x00000000eb180000,0x00000000eef00000,0x00000000eef00000)
  from space 6144K, 59% used [0x00000000ef780000,0x00000000efb0cb18,0x00000000efd80000)
  to   space 8704K, 0% used [0x00000000eef00000,0x00000000eef00000,0x00000000ef780000)
 ParOldGen       total 31744K, used 24368K [0x00000000c1400000, 0x00000000c3300000, 0x00000000eb180000)
  object space 31744K, 76% used [0x00000000c1400000,0x00000000c2bcc048,0x00000000c3300000)
 Metaspace       used 40549K, capacity 42540K, committed 42880K, reserved 1085440K
  class space    used 5542K, capacity 5901K, committed 6016K, reserved 1048576K
Event: 24.573 GC heap after
Heap after GC invocations=19 (full 2):
 PSYoungGen      total 71680K, used 7934K [0x00000000eb180000, 0x00000000f0280000, 0x0000000100000000)
  eden space 62976K, 0% used [0x00000000eb180000,0x00000000eb180000,0x00000000eef00000)
  from space 8704K, 91% used [0x00000000eef00000,0x00000000ef6bf8a8,0x00000000ef780000)
  to   space 6144K, 0% used [0x00000000ef780000,0x00000000ef780000,0x00000000efd80000)
 ParOldGen       total 31744K, used 24376K [0x00000000c1400000, 0x00000000c3300000, 0x00000000eb180000)
  object space 31744K, 76% used [0x00000000c1400000,0x00000000c2bce048,0x00000000c3300000)
 Metaspace       used 40549K, capacity 42540K, committed 42880K, reserved 1085440K
  class space    used 5542K, capacity 5901K, committed 6016K, reserved 1048576K
}

