# JRE version: Java(TM) SE Runtime Environment (8.0_162-b12) (build 1.8.0_162-b12)
# Java VM: Java HotSpot(TM) 64-Bit Server VM (25.162-b12 mixed mode windows-amd64 compressed oops)
Heap:
 PSYoungGen      total 97280K, used 43274K [0x00000000eb180000, 0x00000000f1980000, 0x0000000100000000)
  eden space 89088K, 41% used [0x00000000eb180000,0x00000000ed58d2d0,0x00000000f0880000)
  from space 8192K, 77% used [0x00000000f0880000,0x00000000f0eb5708,0x00000000f1080000)
  to   space 7680K, 0% used [0x00000000f1080000,0x00000000f1080000,0x00000000f1800000)
 ParOldGen       total 33280K, used 21527K [0x00000000c1400000, 0x00000000c3480000, 0x00000000eb180000)
  object space 33280K, 64% used [0x00000000c1400000,0x00000000c2905f48,0x00000000c3480000)
 Metaspace       used 40061K, capacity 41864K, committed 42112K, reserved 1085440K
  class space    used 5644K, capacity 6004K, committed 6016K, reserved 1048576K
GC Heap History (10 events):
Event: 19.902 GC heap before
{Heap before GC invocations=13 (full 1):
 PSYoungGen      total 97280K, used 93929K [0x00000000eb180000, 0x00000000f1980000, 0x0000000100000000)
  eden space 89088K, 100% used [0x00000000eb180000,0x00000000f0880000,0x00000000f0880000)
  from space 8192K, 59% used [0x00000000f0880000,0x00000000f0d3a7d8,0x00000000f1080000)
  to   space 7680K, 0% used [0x00000000f1080000,0x00000000f1080000,0x00000000f1800000)
 ParOldGen       total 33280K, used 14709K [0x00000000c1400000, 0x00000000c3480000, 0x00000000eb180000)
  object space 33280K, 44% used [0x00000000c1400000,0x00000000c225d508,0x00000000c3480000)
 Metaspace       used 32389K, capacity 33850K, committed 34176K, reserved 1079296K
  class space    used 4384K, capacity 4647K, committed 4736K, reserved 1048576K
Event: 19.925 GC heap after
Heap after GC invocations=13 (full 1):
 PSYoungGen      total 96768K, used 5406K [0x00000000eb180000, 0x00000000f1980000, 0x0000000100000000)
  eden space 89088K, 0% used [0x00000000eb180000,0x00000000eb180000,0x00000000f0880000)
  from space 7680K, 70% used [0x00000000f1080000,0x00000000f15c7968,0x00000000f1800000)
  to   space 8192K, 0% used [0x00000000f0880000,0x00000000f0880000,0x00000000f1080000)
 ParOldGen       total 33280K, used 17285K [0x00000000c1400000, 0x00000000c3480000, 0x00000000eb180000)
  object space 33280K, 51% used [0x00000000c1400000,0x00000000c24e1508,0x00000000c3480000)
 Metaspace       used 32389K, capacity 33850K, committed 34176K, reserved 1079296K
  class space    used 4384K, capacity 4647K, committed 4736K, reserved 1048576K
}
Event: 20.857 GC heap before
{Heap before GC invocations=14 (full 1):
 PSYoungGen      total 96768K, used 59340K [0x00000000eb180000, 0x00000000f1980000, 0x0000000100000000)
  eden space 89088K, 60% used [0x00000000eb180000,0x00000000ee62b730,0x00000000f0880000)
  from space 7680K, 70% used [0x00000000f1080000,0x00000000f15c7968,0x00000000f1800000)
  to   space 8192K, 0% used [0x00000000f0880000,0x00000000f0880000,0x00000000f1080000)
 ParOldGen       total 33280K, used 17285K [0x00000000c1400000, 0x00000000c3480000, 0x00000000eb180000)
  object space 33280K, 51% used [0x00000000c1400000,0x00000000c24e1508,0x00000000c3480000)
 Metaspace       used 33724K, capacity 35346K, committed 35456K, reserved 1079296K
  class space    used 4619K, capacity 4937K, committed 4992K, reserved 1048576K
Event: 20.871 GC heap after
Heap after GC invocations=14 (full 1):
 PSYoungGen      total 97280K, used 2962K [0x00000000eb180000, 0x00000000f1980000, 0x0000000100000000)
  eden space 89088K, 0% used [0x00000000eb180000,0x00000000eb180000,0x00000000f0880000)
  from space 8192K, 36% used [0x00000000f0880000,0x00000000f0b64848,0x00000000f1080000)
  to   space 7680K, 0% used [0x00000000f1080000,0x00000000f1080000,0x00000000f1800000)
 ParOldGen       total 33280K, used 20239K [0x00000000c1400000, 0x00000000c3480000, 0x00000000eb180000)
  object space 33280K, 60% used [0x00000000c1400000,0x00000000c27c3d60,0x00000000c3480000)
 Metaspace       used 33724K, capacity 35346K, committed 35456K, reserved 1079296K
  class space    used 4619K, capacity 4937K, committed 4992K, reserved 1048576K
}
Event: 20.871 GC heap before
{Heap before GC invocations=15 (full 2):
 PSYoungGen      total 97280K, used 2962K [0x00000000eb180000, 0x00000000f1980000, 0x0000000100000000)
  eden space 89088K, 0% used [0x00000000eb180000,0x00000000eb180000,0x00000000f0880000)
  from space 8192K, 36% used [0x00000000f0880000,0x00000000f0b64848,0x00000000f1080000)
  to   space 7680K, 0% used [0x00000000f1080000,0x00000000f1080000,0x00000000f1800000)
 ParOldGen       total 33280K, used 20239K [0x00000000c1400000, 0x00000000c3480000, 0x00000000eb180000)
  object space 33280K, 60% used [0x00000000c1400000,0x00000000c27c3d60,0x00000000c3480000)
 Metaspace       used 33724K, capacity 35346K, committed 35456K, reserved 1079296K
  class space    used 4619K, capacity 4937K, committed 4992K, reserved 1048576K
Event: 21.242 GC heap after
Heap after GC invocations=15 (full 2):
 PSYoungGen      total 97280K, used 0K [0x00000000eb180000, 0x00000000f1980000, 0x0000000100000000)
  eden space 89088K, 0% used [0x00000000eb180000,0x00000000eb180000,0x00000000f0880000)
  from space 8192K, 0% used [0x00000000f0880000,0x00000000f0880000,0x00000000f1080000)
  to   space 7680K, 0% used [0x00000000f1080000,0x00000000f1080000,0x00000000f1800000)
 ParOldGen       total 33280K, used 21511K [0x00000000c1400000, 0x00000000c3480000, 0x00000000eb180000)
  object space 33280K, 64% used [0x00000000c1400000,0x00000000c2901f48,0x00000000c3480000)
 Metaspace       used 33724K, capacity 35346K, committed 35456K, reserved 1079296K
  class space    used 4619K, capacity 4937K, committed 4992K, reserved 1048576K
}
Event: 27.147 GC heap before
{Heap before GC invocations=16 (full 2):
 PSYoungGen      total 97280K, used 89088K [0x00000000eb180000, 0x00000000f1980000, 0x0000000100000000)
  eden space 89088K, 100% used [0x00000000eb180000,0x00000000f0880000,0x00000000f0880000)
  from space 8192K, 0% used [0x00000000f0880000,0x00000000f0880000,0x00000000f1080000)
  to   space 7680K, 0% used [0x00000000f1080000,0x00000000f1080000,0x00000000f1800000)
 ParOldGen       total 33280K, used 21511K [0x00000000c1400000, 0x00000000c3480000, 0x00000000eb180000)
  object space 33280K, 64% used [0x00000000c1400000,0x00000000c2901f48,0x00000000c3480000)
 Metaspace       used 34696K, capacity 36472K, committed 36608K, reserved 1081344K
  class space    used 4780K, capacity 5100K, committed 5120K, reserved 1048576K
Event: 27.155 GC heap after
Heap after GC invocations=16 (full 2):
 PSYoungGen      total 96768K, used 4718K [0x00000000eb180000, 0x00000000f1980000, 0x0000000100000000)
  eden space 89088K, 0% used [0x00000000eb180000,0x00000000eb180000,0x00000000f0880000)
  from space 7680K, 61% used [0x00000000f1080000,0x00000000f151b9b0,0x00000000f1800000)
  to   space 8192K, 0% used [0x00000000f0880000,0x00000000f0880000,0x00000000f1080000)
 ParOldGen       total 33280K, used 21519K [0x00000000c1400000, 0x00000000c3480000, 0x00000000eb180000)
  object space 33280K, 64% used [0x00000000c1400000,0x00000000c2903f48,0x00000000c3480000)
 Metaspace       used 34696K, capacity 36472K, committed 36608K, reserved 1081344K
  class space    used 4780K, capacity 5100K, committed 5120K, reserved 1048576K
}
Event: 28.282 GC heap before
{Heap before GC invocations=17 (full 2):
 PSYoungGen      total 96768K, used 93806K [0x00000000eb180000, 0x00000000f1980000, 0x0000000100000000)
  eden space 89088K, 100% used [0x00000000eb180000,0x00000000f0880000,0x00000000f0880000)
  from space 7680K, 61% used [0x00000000f1080000,0x00000000f151b9b0,0x00000000f1800000)
  to   space 8192K, 0% used [0x00000000f0880000,0x00000000f0880000,0x00000000f1080000)
 ParOldGen       total 33280K, used 21519K [0x00000000c1400000, 0x00000000c3480000, 0x00000000eb180000)
  object space 33280K, 64% used [0x00000000c1400000,0x00000000c2903f48,0x00000000c3480000)
 Metaspace       used 37501K, capacity 39260K, committed 39424K, reserved 1083392K
  class space    used 5197K, capacity 5538K, committed 5632K, reserved 1048576K
Event: 28.296 GC heap after
Heap after GC invocations=17 (full 2):
 PSYoungGen      total 97280K, used 6357K [0x00000000eb180000, 0x00000000f1980000, 0x0000000100000000)
  eden space 89088K, 0% used [0x00000000eb180000,0x00000000eb180000,0x00000000f0880000)
  from space 8192K, 77% used [0x00000000f0880000,0x00000000f0eb5708,0x00000000f1080000)
  to   space 7680K, 0% used [0x00000000f1080000,0x00000000f1080000,0x00000000f1800000)
 ParOldGen       total 33280K, used 21527K [0x00000000c1400000, 0x00000000c3480000, 0x00000000eb180000)
  object space 33280K, 64% used [0x00000000c1400000,0x00000000c2905f48,0x00000000c3480000)
 Metaspace       used 37501K, capacity 39260K, committed 39424K, reserved 1083392K
  class space    used 5197K, capacity 5538K, committed 5632K, reserved 1048576K
}

