# JRE version: Java(TM) SE Runtime Environment (8.0_162-b12) (build 1.8.0_162-b12)
# Java VM: Java HotSpot(TM) 64-Bit Server VM (25.162-b12 mixed mode windows-amd64 compressed oops)
Heap:
 PSYoungGen      total 102912K, used 28557K [0x00000000eb180000, 0x00000000f1f00000, 0x0000000100000000)
  eden space 94720K, 30% used [0x00000000eb180000,0x00000000ecd634a8,0x00000000f0e00000)
  from space 8192K, 0% used [0x00000000f1680000,0x00000000f1680000,0x00000000f1e80000)
  to   space 8704K, 0% used [0x00000000f0e00000,0x00000000f0e00000,0x00000000f1680000)
 ParOldGen       total 34816K, used 20465K [0x00000000c1400000, 0x00000000c3600000, 0x00000000eb180000)
  object space 34816K, 58% used [0x00000000c1400000,0x00000000c27fc6b0,0x00000000c3600000)
 Metaspace       used 33000K, capacity 34496K, committed 34688K, reserved 1081344K
  class space    used 4448K, capacity 4732K, committed 4736K, reserved 1048576K
GC Heap History (10 events):
Event: 9.345 GC heap before
{Heap before GC invocations=10 (full 1):
 PSYoungGen      total 69120K, used 67047K [0x00000000eb180000, 0x00000000f0280000, 0x0000000100000000)
  eden space 62976K, 100% used [0x00000000eb180000,0x00000000eef00000,0x00000000eef00000)
  from space 6144K, 66% used [0x00000000ef780000,0x00000000efb79e58,0x00000000efd80000)
  to   space 8704K, 0% used [0x00000000eef00000,0x00000000eef00000,0x00000000ef780000)
 ParOldGen       total 34816K, used 12415K [0x00000000c1400000, 0x00000000c3600000, 0x00000000eb180000)
  object space 34816K, 35% used [0x00000000c1400000,0x00000000c201fea0,0x00000000c3600000)
 Metaspace       used 25698K, capacity 26702K, committed 26880K, reserved 1073152K
  class space    used 3482K, capacity 3715K, committed 3840K, reserved 1048576K
Event: 9.357 GC heap after
Heap after GC invocations=10 (full 1):
 PSYoungGen      total 71680K, used 6440K [0x00000000eb180000, 0x00000000f1e80000, 0x0000000100000000)
  eden space 62976K, 0% used [0x00000000eb180000,0x00000000eb180000,0x00000000eef00000)
  from space 8704K, 73% used [0x00000000eef00000,0x00000000ef54a2a0,0x00000000ef780000)
  to   space 8192K, 0% used [0x00000000f1680000,0x00000000f1680000,0x00000000f1e80000)
 ParOldGen       total 34816K, used 12423K [0x00000000c1400000, 0x00000000c3600000, 0x00000000eb180000)
  object space 34816K, 35% used [0x00000000c1400000,0x00000000c2021ea0,0x00000000c3600000)
 Metaspace       used 25698K, capacity 26702K, committed 26880K, reserved 1073152K
  class space    used 3482K, capacity 3715K, committed 3840K, reserved 1048576K
}
Event: 10.020 GC heap before
{Heap before GC invocations=11 (full 1):
 PSYoungGen      total 71680K, used 69416K [0x00000000eb180000, 0x00000000f1e80000, 0x0000000100000000)
  eden space 62976K, 100% used [0x00000000eb180000,0x00000000eef00000,0x00000000eef00000)
  from space 8704K, 73% used [0x00000000eef00000,0x00000000ef54a2a0,0x00000000ef780000)
  to   space 8192K, 0% used [0x00000000f1680000,0x00000000f1680000,0x00000000f1e80000)
 ParOldGen       total 34816K, used 12423K [0x00000000c1400000, 0x00000000c3600000, 0x00000000eb180000)
  object space 34816K, 35% used [0x00000000c1400000,0x00000000c2021ea0,0x00000000c3600000)
 Metaspace       used 27913K, capacity 28962K, committed 29184K, reserved 1075200K
  class space    used 3791K, capacity 4051K, committed 4096K, reserved 1048576K
Event: 10.033 GC heap after
Heap after GC invocations=11 (full 1):
 PSYoungGen      total 102912K, used 6254K [0x00000000eb180000, 0x00000000f1f00000, 0x0000000100000000)
  eden space 94720K, 0% used [0x00000000eb180000,0x00000000eb180000,0x00000000f0e00000)
  from space 8192K, 76% used [0x00000000f1680000,0x00000000f1c9b800,0x00000000f1e80000)
  to   space 8704K, 0% used [0x00000000f0e00000,0x00000000f0e00000,0x00000000f1680000)
 ParOldGen       total 34816K, used 13803K [0x00000000c1400000, 0x00000000c3600000, 0x00000000eb180000)
  object space 34816K, 39% used [0x00000000c1400000,0x00000000c217aeb0,0x00000000c3600000)
 Metaspace       used 27913K, capacity 28962K, committed 29184K, reserved 1075200K
  class space    used 3791K, capacity 4051K, committed 4096K, reserved 1048576K
}
Event: 10.966 GC heap before
{Heap before GC invocations=12 (full 1):
 PSYoungGen      total 102912K, used 100974K [0x00000000eb180000, 0x00000000f1f00000, 0x0000000100000000)
  eden space 94720K, 100% used [0x00000000eb180000,0x00000000f0e00000,0x00000000f0e00000)
  from space 8192K, 76% used [0x00000000f1680000,0x00000000f1c9b800,0x00000000f1e80000)
  to   space 8704K, 0% used [0x00000000f0e00000,0x00000000f0e00000,0x00000000f1680000)
 ParOldGen       total 34816K, used 13803K [0x00000000c1400000, 0x00000000c3600000, 0x00000000eb180000)
  object space 34816K, 39% used [0x00000000c1400000,0x00000000c217aeb0,0x00000000c3600000)
 Metaspace       used 30948K, capacity 32354K, committed 32640K, reserved 1077248K
  class space    used 4157K, capacity 4441K, committed 4480K, reserved 1048576K
Event: 10.986 GC heap after
Heap after GC invocations=12 (full 1):
 PSYoungGen      total 103424K, used 5736K [0x00000000eb180000, 0x00000000f1f00000, 0x0000000100000000)
  eden space 94720K, 0% used [0x00000000eb180000,0x00000000eb180000,0x00000000f0e00000)
  from space 8704K, 65% used [0x00000000f0e00000,0x00000000f139a1b0,0x00000000f1680000)
  to   space 8192K, 0% used [0x00000000f1680000,0x00000000f1680000,0x00000000f1e80000)
 ParOldGen       total 34816K, used 17927K [0x00000000c1400000, 0x00000000c3600000, 0x00000000eb180000)
  object space 34816K, 51% used [0x00000000c1400000,0x00000000c2581ee0,0x00000000c3600000)
 Metaspace       used 30948K, capacity 32354K, committed 32640K, reserved 1077248K
  class space    used 4157K, capacity 4441K, committed 4480K, reserved 1048576K
}
Event: 11.900 GC heap before
{Heap before GC invocations=13 (full 1):
 PSYoungGen      total 103424K, used 73557K [0x00000000eb180000, 0x00000000f1f00000, 0x0000000100000000)
  eden space 94720K, 71% used [0x00000000eb180000,0x00000000ef3bb4f0,0x00000000f0e00000)
  from space 8704K, 65% used [0x00000000f0e00000,0x00000000f139a1b0,0x00000000f1680000)
  to   space 8192K, 0% used [0x00000000f1680000,0x00000000f1680000,0x00000000f1e80000)
 ParOldGen       total 34816K, used 17927K [0x00000000c1400000, 0x00000000c3600000, 0x00000000eb180000)
  object space 34816K, 51% used [0x00000000c1400000,0x00000000c2581ee0,0x00000000c3600000)
 Metaspace       used 32308K, capacity 33758K, committed 33920K, reserved 1083392K
  class space    used 4363K, capacity 4661K, committed 4736K, reserved 1048576K
Event: 11.913 GC heap after
Heap after GC invocations=13 (full 1):
 PSYoungGen      total 102912K, used 3523K [0x00000000eb180000, 0x00000000f1f00000, 0x0000000100000000)
  eden space 94720K, 0% used [0x00000000eb180000,0x00000000eb180000,0x00000000f0e00000)
  from space 8192K, 43% used [0x00000000f1680000,0x00000000f19f0f28,0x00000000f1e80000)
  to   space 8704K, 0% used [0x00000000f0e00000,0x00000000f0e00000,0x00000000f1680000)
 ParOldGen       total 34816K, used 21144K [0x00000000c1400000, 0x00000000c3600000, 0x00000000eb180000)
  object space 34816K, 60% used [0x00000000c1400000,0x00000000c28a6238,0x00000000c3600000)
 Metaspace       used 32308K, capacity 33758K, committed 33920K, reserved 1083392K
  class space    used 4363K, capacity 4661K, committed 4736K, reserved 1048576K
}
Event: 11.913 GC heap before
{Heap before GC invocations=14 (full 2):
 PSYoungGen      total 102912K, used 3523K [0x00000000eb180000, 0x00000000f1f00000, 0x0000000100000000)
  eden space 94720K, 0% used [0x00000000eb180000,0x00000000eb180000,0x00000000f0e00000)
  from space 8192K, 43% used [0x00000000f1680000,0x00000000f19f0f28,0x00000000f1e80000)
  to   space 8704K, 0% used [0x00000000f0e00000,0x00000000f0e00000,0x00000000f1680000)
 ParOldGen       total 34816K, used 21144K [0x00000000c1400000, 0x00000000c3600000, 0x00000000eb180000)
  object space 34816K, 60% used [0x00000000c1400000,0x00000000c28a6238,0x00000000c3600000)
 Metaspace       used 32308K, capacity 33758K, committed 33920K, reserved 1083392K
  class space    used 4363K, capacity 4661K, committed 4736K, reserved 1048576K
Event: 12.097 GC heap after
Heap after GC invocations=14 (full 2):
 PSYoungGen      total 102912K, used 0K [0x00000000eb180000, 0x00000000f1f00000, 0x0000000100000000)
  eden space 94720K, 0% used [0x00000000eb180000,0x00000000eb180000,0x00000000f0e00000)
  from space 8192K, 0% used [0x00000000f1680000,0x00000000f1680000,0x00000000f1e80000)
  to   space 8704K, 0% used [0x00000000f0e00000,0x00000000f0e00000,0x00000000f1680000)
 ParOldGen       total 34816K, used 20465K [0x00000000c1400000, 0x00000000c3600000, 0x00000000eb180000)
  object space 34816K, 58% used [0x00000000c1400000,0x00000000c27fc6b0,0x00000000c3600000)
 Metaspace       used 32308K, capacity 33758K, committed 33920K, reserved 1081344K
  class space    used 4363K, capacity 4661K, committed 4736K, reserved 1048576K
}

